<?xml version="1.0" encoding="UTF-8"?>
<testsuite name="AppTest" tests="13" skipped="0" failures="0" errors="0" timestamp="2015-09-05T23:06:36" hostname="Nataliyas-MacBook-Pro.local" time="1.551">
  <properties/>
  <testcase name="delete_DeletesStoreFromDatabaseStoreNoLongerDisplayed" classname="AppTest" time="0.716"/>
  <testcase name="updateName_UpdatesOnlyStoreNameAndKeepsAddressAndPhoneNumberUnchanged" classname="AppTest" time="0.125"/>
  <testcase name="storeIsDisplayedOnItsPage" classname="AppTest" time="0.065"/>
  <testcase name="brandIsAddedAndDisplayedOnStoresPage" classname="AppTest" time="0.096"/>
  <testcase name="brandIsDisplayedOnItsPage" classname="AppTest" time="0.069"/>
  <testcase name="formForAddingStoresIsDisplayed" classname="AppTest" time="0.027"/>
  <testcase name="rootTest" classname="AppTest" time="0.034"/>
  <testcase name="update_UpdatesAndDisplaysUpdatedBrandInformation" classname="AppTest" time="0.084"/>
  <testcase name="brandIsSavedToDatabaseAndDisplayedOnTheBrandsPage" classname="AppTest" time="0.053"/>
  <testcase name="storeIsAddedAndDisplayedOnBrandsPage" classname="AppTest" time="0.069"/>
  <testcase name="formForAddingBrandsIsDisplayed" classname="AppTest" time="0.029"/>
  <testcase name="storeIsSavedToDatabaseAndDisplayedOnTheStoresPage" classname="AppTest" time="0.056"/>
  <testcase name="delete_DeletesBrandFromDatabaseBrandNoLongerDisplayed" classname="AppTest" time="0.065"/>
  <system-out><![CDATA[]]></system-out>
  <system-err><![CDATA[[Thread-4] INFO spark.webserver.SparkServer - == Spark has ignited ...
[Thread-4] INFO spark.webserver.SparkServer - >> Listening on 0.0.0.0:4567
[Thread-4] INFO org.eclipse.jetty.server.Server - jetty-9.0.2.v20130417
[Thread-4] INFO org.eclipse.jetty.server.ServerConnector - Started ServerConnector@64b95981{HTTP/1.1}{0.0.0.0:4567}
[Test worker] INFO spark.webserver.SparkServer - >>> Spark shutting down ...
[Test worker] INFO org.eclipse.jetty.server.Server - Graceful shutdown org.eclipse.jetty.server.Server@d725c68 by 
[Test worker] INFO org.eclipse.jetty.server.ServerConnector - Stopped ServerConnector@64b95981{HTTP/1.1}{0.0.0.0:4567}
[Test worker] INFO spark.webserver.SparkServer - done
]]></system-err>
</testsuite>
