<?xml version="1.0" encoding="UTF-8"?>
<testsuite name="StoreTest" tests="1" skipped="0" failures="0" errors="0" timestamp="2015-09-03T03:11:29" hostname="Nataliyas-MacBook-Pro.local" time="0.12">
  <properties/>
  <testcase name="store_instantiatesCorrectly_true" classname="StoreTest" time="0.12"/>
  <system-out><![CDATA[]]></system-out>
  <system-err><![CDATA[]]></system-err>
</testsuite>
