<?xml version="1.0" encoding="UTF-8"?>
<testsuite name="BrandTest" tests="2" skipped="0" failures="0" errors="0" timestamp="2015-09-03T04:12:26" hostname="Nataliyas-MacBook-Pro.local" time="0.17">
  <properties/>
  <testcase name="all_emptyAtFirst" classname="BrandTest" time="0.16"/>
  <testcase name="brand_instantiatesCorrectly_true" classname="BrandTest" time="0.01"/>
  <system-out><![CDATA[]]></system-out>
  <system-err><![CDATA[]]></system-err>
</testsuite>
