<?xml version="1.0" encoding="UTF-8"?>
<testsuite name="BrandTest" tests="1" skipped="0" failures="0" errors="0" timestamp="2015-09-03T04:07:49" hostname="Nataliyas-MacBook-Pro.local" time="0.228">
  <properties/>
  <testcase name="brand_instantiatesCorrectly_true" classname="BrandTest" time="0.228"/>
  <system-out><![CDATA[]]></system-out>
  <system-err><![CDATA[]]></system-err>
</testsuite>
