<?xml version="1.0" encoding="UTF-8"?>
<testsuite name="StoreTest" tests="4" skipped="0" failures="0" errors="0" timestamp="2015-09-03T03:35:40" hostname="Nataliyas-MacBook-Pro.local" time="0.32">
  <properties/>
  <testcase name="save_savesStoreIntoDatabase_true" classname="StoreTest" time="0.278"/>
  <testcase name="all_emptyAtFirst" classname="StoreTest" time="0.019"/>
  <testcase name="store_instantiatesCorrectly_true" classname="StoreTest" time="0.011"/>
  <testcase name="equals_returnTrueIfStoresAreTheSame" classname="StoreTest" time="0.011"/>
  <system-out><![CDATA[]]></system-out>
  <system-err><![CDATA[]]></system-err>
</testsuite>
