<?xml version="1.0" encoding="UTF-8"?>
<testsuite name="BrandTest" tests="7" skipped="0" failures="0" errors="0" timestamp="2015-09-06T00:00:49" hostname="Nataliyas-MacBook-Pro.local" time="0.215">
  <properties/>
  <testcase name="equals_returnTrueIfBrandsAreTheSame" classname="BrandTest" time="0.008"/>
  <testcase name="updateBrandName_changesBrandNameAInDatabase_true" classname="BrandTest" time="0.067"/>
  <testcase name="save_savesBrandIntoDatabase_true" classname="BrandTest" time="0.029"/>
  <testcase name="all_emptyAtFirst" classname="BrandTest" time="0.019"/>
  <testcase name="find_findsBrandInDatabase_true" classname="BrandTest" time="0.028"/>
  <testcase name="addStore_addsStoreToBrand" classname="BrandTest" time="0.051"/>
  <testcase name="brand_instantiatesCorrectly_true" classname="BrandTest" time="0.011"/>
  <system-out><![CDATA[]]></system-out>
  <system-err><![CDATA[]]></system-err>
</testsuite>
