<?xml version="1.0" encoding="UTF-8"?>
<testsuite name="StoreTest" tests="8" skipped="0" failures="0" errors="0" timestamp="2015-09-04T18:42:28" hostname="Nataliyas-MacBook-Pro.local" time="0.237">
  <properties/>
  <testcase name="save_savesStoreIntoDatabase_true" classname="StoreTest" time="0.026"/>
  <testcase name="delete_deletesAllStoresAndListAssociation" classname="StoreTest" time="0.053"/>
  <testcase name="addBrand_addsBrandToStore" classname="StoreTest" time="0.041"/>
  <testcase name="find_findsStoreInDatabase_true" classname="StoreTest" time="0.025"/>
  <testcase name="all_emptyAtFirst" classname="StoreTest" time="0.017"/>
  <testcase name="update_changesStoreNameAddressAndPhoneNumberInDatabase_true" classname="StoreTest" time="0.05"/>
  <testcase name="store_instantiatesCorrectly_true" classname="StoreTest" time="0.011"/>
  <testcase name="equals_returnTrueIfStoresAreTheSame" classname="StoreTest" time="0.011"/>
  <system-out><![CDATA[]]></system-out>
  <system-err><![CDATA[]]></system-err>
</testsuite>
