<?xml version="1.0" encoding="UTF-8"?>
<testsuite name="AppTest" tests="12" skipped="0" failures="0" errors="0" timestamp="2015-09-05T22:34:01" hostname="Nataliyas-MacBook-Pro.local" time="1.3">
  <properties/>
  <testcase name="delete_DeletesStoreFromDatabaseStoreNoLongerDisplayed" classname="AppTest" time="0.581"/>
  <testcase name="storeIsDisplayedOnItsPage" classname="AppTest" time="0.083"/>
  <testcase name="brandIsAddedAndDisplayedOnStoresPage" classname="AppTest" time="0.11"/>
  <testcase name="brandIsDisplayedOnItsPage" classname="AppTest" time="0.062"/>
  <testcase name="formForAddingStoresIsDisplayed" classname="AppTest" time="0.043"/>
  <testcase name="rootTest" classname="AppTest" time="0.019"/>
  <testcase name="update_UpdatesAndDisplaysUpdatedBrandInformation" classname="AppTest" time="0.066"/>
  <testcase name="brandIsSavedToDatabaseAndDisplayedOnTheBrandsPage" classname="AppTest" time="0.057"/>
  <testcase name="storeIsAddedAndDisplayedOnBrandsPage" classname="AppTest" time="0.066"/>
  <testcase name="formForAddingBrandsIsDisplayed" classname="AppTest" time="0.031"/>
  <testcase name="storeIsSavedToDatabaseAndDisplayedOnTheStoresPage" classname="AppTest" time="0.044"/>
  <testcase name="delete_DeletesBrandFromDatabaseBrandNoLongerDisplayed" classname="AppTest" time="0.074"/>
  <system-out><![CDATA[]]></system-out>
  <system-err><![CDATA[[Thread-4] INFO spark.webserver.SparkServer - == Spark has ignited ...
[Thread-4] INFO spark.webserver.SparkServer - >> Listening on 0.0.0.0:4567
[Thread-4] INFO org.eclipse.jetty.server.Server - jetty-9.0.2.v20130417
[Thread-4] INFO org.eclipse.jetty.server.ServerConnector - Started ServerConnector@52696373{HTTP/1.1}{0.0.0.0:4567}
[Test worker] INFO spark.webserver.SparkServer - >>> Spark shutting down ...
[Test worker] INFO org.eclipse.jetty.server.Server - Graceful shutdown org.eclipse.jetty.server.Server@aa6a923 by 
[Test worker] INFO org.eclipse.jetty.server.ServerConnector - Stopped ServerConnector@52696373{HTTP/1.1}{0.0.0.0:4567}
[Test worker] INFO spark.webserver.SparkServer - done
]]></system-err>
</testsuite>
