<?xml version="1.0" encoding="UTF-8"?>
<testsuite name="AppTest" tests="8" skipped="0" failures="0" errors="0" timestamp="2015-09-05T16:47:29" hostname="Nataliyas-MacBook-Pro.local" time="0.939">
  <properties/>
  <testcase name="storeIsDisplayedOnItsPage" classname="AppTest" time="0.508"/>
  <testcase name="brandIsDisplayedOnItsPage" classname="AppTest" time="0.085"/>
  <testcase name="formForAddingStoresIsDisplayed" classname="AppTest" time="0.041"/>
  <testcase name="update_UpdatesAndDisplaysUpdatedStoreInformation" classname="AppTest" time="0.103"/>
  <testcase name="rootTest" classname="AppTest" time="0.029"/>
  <testcase name="brandIsSavedToDatabaseAndDisplayedOnTheBrandsPage" classname="AppTest" time="0.041"/>
  <testcase name="formForAddingBrandsIsDisplayed" classname="AppTest" time="0.028"/>
  <testcase name="storeIsSavedToDatabaseAndDisplayedOnTheStoresPage" classname="AppTest" time="0.054"/>
  <system-out><![CDATA[]]></system-out>
  <system-err><![CDATA[[Thread-4] INFO spark.webserver.SparkServer - == Spark has ignited ...
[Thread-4] INFO spark.webserver.SparkServer - >> Listening on 0.0.0.0:4567
[Thread-4] INFO org.eclipse.jetty.server.Server - jetty-9.0.2.v20130417
[Thread-4] INFO org.eclipse.jetty.server.ServerConnector - Started ServerConnector@52cb5160{HTTP/1.1}{0.0.0.0:4567}
[Test worker] INFO spark.webserver.SparkServer - >>> Spark shutting down ...
[Test worker] INFO org.eclipse.jetty.server.Server - Graceful shutdown org.eclipse.jetty.server.Server@ef33cf0 by 
[Test worker] INFO org.eclipse.jetty.server.ServerConnector - Stopped ServerConnector@52cb5160{HTTP/1.1}{0.0.0.0:4567}
[Test worker] INFO spark.webserver.SparkServer - done
]]></system-err>
</testsuite>
