<?xml version="1.0" encoding="UTF-8"?>
<testsuite name="StoreTest" tests="10" skipped="0" failures="0" errors="0" timestamp="2015-09-05T23:06:38" hostname="Nataliyas-MacBook-Pro.local" time="0.331">
  <properties/>
  <testcase name="save_savesStoreIntoDatabase_true" classname="StoreTest" time="0.028"/>
  <testcase name="delete_deletesAllStoresAndListAssociation" classname="StoreTest" time="0.05"/>
  <testcase name="addBrand_addsBrandToStore" classname="StoreTest" time="0.041"/>
  <testcase name="find_findsStoreInDatabase_true" classname="StoreTest" time="0.025"/>
  <testcase name="all_emptyAtFirst" classname="StoreTest" time="0.015"/>
  <testcase name="updateName_changesStoreNameInDatabase" classname="StoreTest" time="0.049"/>
  <testcase name="store_instantiatesCorrectly_true" classname="StoreTest" time="0.008"/>
  <testcase name="equals_returnTrueIfStoresAreTheSame" classname="StoreTest" time="0.008"/>
  <testcase name="updateAddress_changesStoreAddressInDatabase" classname="StoreTest" time="0.059"/>
  <testcase name="updatePhoneNumber_changesStorePhoneNumberInDatabase" classname="StoreTest" time="0.047"/>
  <system-out><![CDATA[]]></system-out>
  <system-err><![CDATA[]]></system-err>
</testsuite>
