<?xml version="1.0" encoding="UTF-8"?>
<testsuite name="StoreTest" tests="10" skipped="0" failures="0" errors="0" timestamp="2015-09-05T22:34:03" hostname="Nataliyas-MacBook-Pro.local" time="0.372">
  <properties/>
  <testcase name="save_savesStoreIntoDatabase_true" classname="StoreTest" time="0.027"/>
  <testcase name="delete_deletesAllStoresAndListAssociation" classname="StoreTest" time="0.061"/>
  <testcase name="addBrand_addsBrandToStore" classname="StoreTest" time="0.052"/>
  <testcase name="find_findsStoreInDatabase_true" classname="StoreTest" time="0.026"/>
  <testcase name="all_emptyAtFirst" classname="StoreTest" time="0.017"/>
  <testcase name="updateName_changesStoreNameInDatabase" classname="StoreTest" time="0.051"/>
  <testcase name="store_instantiatesCorrectly_true" classname="StoreTest" time="0.01"/>
  <testcase name="equals_returnTrueIfStoresAreTheSame" classname="StoreTest" time="0.011"/>
  <testcase name="updateAddress_changesStoreAddressInDatabase" classname="StoreTest" time="0.051"/>
  <testcase name="updatePhoneNumber_changesStorePhoneNumberInDatabase" classname="StoreTest" time="0.062"/>
  <system-out><![CDATA[]]></system-out>
  <system-err><![CDATA[]]></system-err>
</testsuite>
