<?xml version="1.0" encoding="UTF-8"?>
<testsuite name="AppTest" tests="18" skipped="0" failures="0" errors="0" timestamp="2015-09-06T00:00:47" hostname="Nataliyas-MacBook-Pro.local" time="1.73">
  <properties/>
  <testcase name="delete_DeletesStoreFromDatabaseStoreNoLongerDisplayed" classname="AppTest" time="0.534"/>
  <testcase name="storeIsDisplayedOnItsPage" classname="AppTest" time="0.071"/>
  <testcase name="brandIsAddedAndDisplayedOnStoresPage" classname="AppTest" time="0.102"/>
  <testcase name="brandIsDisplayedOnItsPage" classname="AppTest" time="0.06"/>
  <testcase name="formForAddingStoresIsDisplayed" classname="AppTest" time="0.034"/>
  <testcase name="updatePhoneNumber_UpdatesOnlyStorePhoneNumberAndLeavesNameAndAddressUntouched" classname="AppTest" time="0.074"/>
  <testcase name="updateColor_UpdatesOnlyColorAndLeavesOtherBrandDataUntouched" classname="AppTest" time="0.075"/>
  <testcase name="updateName_UpdatesOnlyStoreNameAndLeavesAddressAndPhoneNumberUntouched" classname="AppTest" time="0.089"/>
  <testcase name="rootTest" classname="AppTest" time="0.022"/>
  <testcase name="updateBrandName_UpdatesOnlyBrandNameAndLeavesOtherBrandDataUntouched" classname="AppTest" time="0.087"/>
  <testcase name="brandIsSavedToDatabaseAndDisplayedOnTheBrandsPage" classname="AppTest" time="0.044"/>
  <testcase name="updateStyle_UpdatesOnlyStyleAndLeavesOtherBrandDataUntouched" classname="AppTest" time="0.092"/>
  <testcase name="storeIsAddedAndDisplayedOnBrandsPage" classname="AppTest" time="0.099"/>
  <testcase name="formForAddingBrandsIsDisplayed" classname="AppTest" time="0.025"/>
  <testcase name="updateAddress_UpdatesOnlyStoreAddressAndLeavesNameAndPhoneNumberUntouched" classname="AppTest" time="0.069"/>
  <testcase name="updateType_UpdatesOnlyTypeAndLeavesOtherBrandDataUntouched" classname="AppTest" time="0.07"/>
  <testcase name="storeIsSavedToDatabaseAndDisplayedOnTheStoresPage" classname="AppTest" time="0.041"/>
  <testcase name="delete_DeletesBrandFromDatabaseBrandNoLongerDisplayed" classname="AppTest" time="0.051"/>
  <system-out><![CDATA[]]></system-out>
  <system-err><![CDATA[[Thread-4] INFO spark.webserver.SparkServer - == Spark has ignited ...
[Thread-4] INFO spark.webserver.SparkServer - >> Listening on 0.0.0.0:4567
[Thread-4] INFO org.eclipse.jetty.server.Server - jetty-9.0.2.v20130417
[Thread-4] INFO org.eclipse.jetty.server.ServerConnector - Started ServerConnector@75b2b87e{HTTP/1.1}{0.0.0.0:4567}
[Test worker] INFO spark.webserver.SparkServer - >>> Spark shutting down ...
[Test worker] INFO org.eclipse.jetty.server.Server - Graceful shutdown org.eclipse.jetty.server.Server@13ad3c4a by 
[Test worker] INFO org.eclipse.jetty.server.ServerConnector - Stopped ServerConnector@75b2b87e{HTTP/1.1}{0.0.0.0:4567}
[Test worker] INFO spark.webserver.SparkServer - done
]]></system-err>
</testsuite>
