<?xml version="1.0" encoding="UTF-8"?>
<testsuite name="AppTest" tests="15" skipped="0" failures="0" errors="0" timestamp="2015-09-05T23:10:28" hostname="Nataliyas-MacBook-Pro.local" time="1.561">
  <properties/>
  <testcase name="delete_DeletesStoreFromDatabaseStoreNoLongerDisplayed" classname="AppTest" time="0.601"/>
  <testcase name="updateAddress_UpdatesOnlyStoreAddressAndKeepsNameAndPhoneNumberUntouched" classname="AppTest" time="0.109"/>
  <testcase name="storeIsDisplayedOnItsPage" classname="AppTest" time="0.076"/>
  <testcase name="brandIsAddedAndDisplayedOnStoresPage" classname="AppTest" time="0.117"/>
  <testcase name="brandIsDisplayedOnItsPage" classname="AppTest" time="0.052"/>
  <testcase name="formForAddingStoresIsDisplayed" classname="AppTest" time="0.027"/>
  <testcase name="rootTest" classname="AppTest" time="0.019"/>
  <testcase name="updatePhoneNumber_UpdatesOnlyStorePhoneNumberAndKeepsNameAndAddressUntouched" classname="AppTest" time="0.087"/>
  <testcase name="update_UpdatesAndDisplaysUpdatedBrandInformation" classname="AppTest" time="0.066"/>
  <testcase name="brandIsSavedToDatabaseAndDisplayedOnTheBrandsPage" classname="AppTest" time="0.04"/>
  <testcase name="updateName_UpdatesOnlyStoreNameAndKeepsAddressAndPhoneNumberUntouched" classname="AppTest" time="0.082"/>
  <testcase name="storeIsAddedAndDisplayedOnBrandsPage" classname="AppTest" time="0.08"/>
  <testcase name="formForAddingBrandsIsDisplayed" classname="AppTest" time="0.038"/>
  <testcase name="storeIsSavedToDatabaseAndDisplayedOnTheStoresPage" classname="AppTest" time="0.039"/>
  <testcase name="delete_DeletesBrandFromDatabaseBrandNoLongerDisplayed" classname="AppTest" time="0.053"/>
  <system-out><![CDATA[]]></system-out>
  <system-err><![CDATA[[Thread-4] INFO spark.webserver.SparkServer - == Spark has ignited ...
[Thread-4] INFO spark.webserver.SparkServer - >> Listening on 0.0.0.0:4567
[Thread-4] INFO org.eclipse.jetty.server.Server - jetty-9.0.2.v20130417
[Thread-4] INFO org.eclipse.jetty.server.ServerConnector - Started ServerConnector@4f9fd587{HTTP/1.1}{0.0.0.0:4567}
[Test worker] INFO spark.webserver.SparkServer - >>> Spark shutting down ...
[Test worker] INFO org.eclipse.jetty.server.Server - Graceful shutdown org.eclipse.jetty.server.Server@7e0bd140 by 
[Test worker] INFO org.eclipse.jetty.server.ServerConnector - Stopped ServerConnector@4f9fd587{HTTP/1.1}{0.0.0.0:4567}
[Test worker] INFO spark.webserver.SparkServer - done
]]></system-err>
</testsuite>
