<?xml version="1.0" encoding="UTF-8"?>
<testsuite name="AuthorTest" tests="8" skipped="0" failures="0" errors="0" timestamp="2015-09-02T23:58:07" hostname="Nataliyas-MBP" time="0.509">
  <properties/>
  <testcase name="equals_returnTrueIfAuthorsAreTheSame" classname="AuthorTest" time="0.158"/>
  <testcase name="addBook_addsBookToAuthor" classname="AuthorTest" time="0.137"/>
  <testcase name="delete_deletesAllAuthorsAndListAssociation" classname="AuthorTest" time="0.058"/>
  <testcase name="all_emptyAtFirst" classname="AuthorTest" time="0.019"/>
  <testcase name="getAuthors_returnsAllBooks_ArrayList" classname="AuthorTest" time="0.048"/>
  <testcase name="save_savesIntoDatabase_true" classname="AuthorTest" time="0.025"/>
  <testcase name="update_changesAuthorNameAndEnrollmentInDatabase_true" classname="AuthorTest" time="0.036"/>
  <testcase name="find_findsAuthorInDatabase_true" classname="AuthorTest" time="0.025"/>
  <system-out><![CDATA[]]></system-out>
  <system-err><![CDATA[]]></system-err>
</testsuite>
