<?xml version="1.0" encoding="UTF-8"?>
<testsuite name="StoreTest" tests="10" skipped="0" failures="0" errors="0" timestamp="2015-09-06T00:00:49" hostname="Nataliyas-MacBook-Pro.local" time="0.388">
  <properties/>
  <testcase name="save_savesStoreIntoDatabase_true" classname="StoreTest" time="0.026"/>
  <testcase name="delete_deletesAllStoresAndListAssociation" classname="StoreTest" time="0.055"/>
  <testcase name="addBrand_addsBrandToStore" classname="StoreTest" time="0.049"/>
  <testcase name="find_findsStoreInDatabase_true" classname="StoreTest" time="0.026"/>
  <testcase name="updateName_changesStoreNameInDatabase_true" classname="StoreTest" time="0.053"/>
  <testcase name="all_emptyAtFirst" classname="StoreTest" time="0.016"/>
  <testcase name="store_instantiatesCorrectly_true" classname="StoreTest" time="0.01"/>
  <testcase name="equals_returnTrueIfStoresAreTheSame" classname="StoreTest" time="0.01"/>
  <testcase name="updateAddress_changesStoreAddressInDatabase" classname="StoreTest" time="0.071"/>
  <testcase name="updatePhoneNumber_changesStorePhoneNumberInDatabase" classname="StoreTest" time="0.069"/>
  <system-out><![CDATA[]]></system-out>
  <system-err><![CDATA[]]></system-err>
</testsuite>
