<?xml version="1.0" encoding="UTF-8"?>
<testsuite name="StoreTest" tests="8" skipped="0" failures="0" errors="0" timestamp="2015-09-05T22:26:06" hostname="Nataliyas-MacBook-Pro.local" time="0.21">
  <properties/>
  <testcase name="save_savesStoreIntoDatabase_true" classname="StoreTest" time="0.023"/>
  <testcase name="delete_deletesAllStoresAndListAssociation" classname="StoreTest" time="0.051"/>
  <testcase name="addBrand_addsBrandToStore" classname="StoreTest" time="0.045"/>
  <testcase name="find_findsStoreInDatabase_true" classname="StoreTest" time="0.025"/>
  <testcase name="updateName_changesStoreNameInDatabase_true" classname="StoreTest" time="0.032"/>
  <testcase name="all_emptyAtFirst" classname="StoreTest" time="0.016"/>
  <testcase name="store_instantiatesCorrectly_true" classname="StoreTest" time="0.008"/>
  <testcase name="equals_returnTrueIfStoresAreTheSame" classname="StoreTest" time="0.008"/>
  <system-out><![CDATA[]]></system-out>
  <system-err><![CDATA[]]></system-err>
</testsuite>
