<?xml version="1.0" encoding="UTF-8"?>
<testsuite name="AppTest" tests="13" skipped="0" failures="0" errors="0" timestamp="2015-09-05T19:25:35" hostname="Nataliyas-MacBook-Pro.local" time="1.289">
  <properties/>
  <testcase name="delete_DeletesStoreFromDatabaseStoreNoLongerDisplayed" classname="AppTest" time="0.552"/>
  <testcase name="storeIsDisplayedOnItsPage" classname="AppTest" time="0.06"/>
  <testcase name="brandIsAddedAndDisplayedOnStoresPage" classname="AppTest" time="0.085"/>
  <testcase name="brandIsDisplayedOnItsPage" classname="AppTest" time="0.057"/>
  <testcase name="formForAddingStoresIsDisplayed" classname="AppTest" time="0.034"/>
  <testcase name="update_UpdatesAndDisplaysUpdatedStoreInformation" classname="AppTest" time="0.063"/>
  <testcase name="rootTest" classname="AppTest" time="0.021"/>
  <testcase name="update_UpdatesAndDisplaysUpdatedBrandInformation" classname="AppTest" time="0.079"/>
  <testcase name="brandIsSavedToDatabaseAndDisplayedOnTheBrandsPage" classname="AppTest" time="0.045"/>
  <testcase name="storeIsAddedAndDisplayedOnBrandsPage" classname="AppTest" time="0.075"/>
  <testcase name="formForAddingBrandsIsDisplayed" classname="AppTest" time="0.029"/>
  <testcase name="storeIsSavedToDatabaseAndDisplayedOnTheStoresPage" classname="AppTest" time="0.046"/>
  <testcase name="delete_DeletesBrandFromDatabaseBrandNoLongerDisplayed" classname="AppTest" time="0.065"/>
  <system-out><![CDATA[]]></system-out>
  <system-err><![CDATA[[Thread-4] INFO spark.webserver.SparkServer - == Spark has ignited ...
[Thread-4] INFO spark.webserver.SparkServer - >> Listening on 0.0.0.0:4567
[Thread-4] INFO org.eclipse.jetty.server.Server - jetty-9.0.2.v20130417
[Thread-4] INFO org.eclipse.jetty.server.ServerConnector - Started ServerConnector@3a97bd9d{HTTP/1.1}{0.0.0.0:4567}
[Test worker] INFO spark.webserver.SparkServer - >>> Spark shutting down ...
[Test worker] INFO org.eclipse.jetty.server.Server - Graceful shutdown org.eclipse.jetty.server.Server@29e4b26a by 
[Test worker] INFO org.eclipse.jetty.server.ServerConnector - Stopped ServerConnector@3a97bd9d{HTTP/1.1}{0.0.0.0:4567}
[Test worker] INFO spark.webserver.SparkServer - done
]]></system-err>
</testsuite>
