<?xml version="1.0" encoding="UTF-8"?>
<testsuite name="AppTest" tests="9" skipped="0" failures="0" errors="0" timestamp="2015-09-05T16:56:17" hostname="Nataliyas-MacBook-Pro.local" time="1.064">
  <properties/>
  <testcase name="delete_DeletesStoreFromDatabaseStoreNoLongerDisplayed" classname="AppTest" time="0.604"/>
  <testcase name="storeIsDisplayedOnItsPage" classname="AppTest" time="0.096"/>
  <testcase name="brandIsDisplayedOnItsPage" classname="AppTest" time="0.058"/>
  <testcase name="formForAddingStoresIsDisplayed" classname="AppTest" time="0.03"/>
  <testcase name="update_UpdatesAndDisplaysUpdatedStoreInformation" classname="AppTest" time="0.075"/>
  <testcase name="rootTest" classname="AppTest" time="0.024"/>
  <testcase name="brandIsSavedToDatabaseAndDisplayedOnTheBrandsPage" classname="AppTest" time="0.043"/>
  <testcase name="formForAddingBrandsIsDisplayed" classname="AppTest" time="0.045"/>
  <testcase name="storeIsSavedToDatabaseAndDisplayedOnTheStoresPage" classname="AppTest" time="0.047"/>
  <system-out><![CDATA[]]></system-out>
  <system-err><![CDATA[[Thread-4] INFO spark.webserver.SparkServer - == Spark has ignited ...
[Thread-4] INFO spark.webserver.SparkServer - >> Listening on 0.0.0.0:4567
[Thread-4] INFO org.eclipse.jetty.server.Server - jetty-9.0.2.v20130417
[Thread-4] INFO org.eclipse.jetty.server.ServerConnector - Started ServerConnector@30f4eadc{HTTP/1.1}{0.0.0.0:4567}
[Test worker] INFO spark.webserver.SparkServer - >>> Spark shutting down ...
[Test worker] INFO org.eclipse.jetty.server.Server - Graceful shutdown org.eclipse.jetty.server.Server@75bdf418 by 
[Test worker] INFO org.eclipse.jetty.server.ServerConnector - Stopped ServerConnector@30f4eadc{HTTP/1.1}{0.0.0.0:4567}
[Test worker] INFO spark.webserver.SparkServer - done
]]></system-err>
</testsuite>
