<?xml version="1.0" encoding="UTF-8"?>
<testsuite name="BrandTest" tests="7" skipped="0" failures="0" errors="0" timestamp="2015-09-05T23:52:37" hostname="Nataliyas-MacBook-Pro.local" time="0.194">
  <properties/>
  <testcase name="equals_returnTrueIfBrandsAreTheSame" classname="BrandTest" time="0.009"/>
  <testcase name="updateBrandName_changesBrandNameAInDatabase_true" classname="BrandTest" time="0.057"/>
  <testcase name="save_savesBrandIntoDatabase_true" classname="BrandTest" time="0.026"/>
  <testcase name="all_emptyAtFirst" classname="BrandTest" time="0.018"/>
  <testcase name="find_findsBrandInDatabase_true" classname="BrandTest" time="0.026"/>
  <testcase name="addStore_addsStoreToBrand" classname="BrandTest" time="0.043"/>
  <testcase name="brand_instantiatesCorrectly_true" classname="BrandTest" time="0.01"/>
  <system-out><![CDATA[]]></system-out>
  <system-err><![CDATA[]]></system-err>
</testsuite>
