<?xml version="1.0" encoding="UTF-8"?>
<testsuite name="BrandTest" tests="3" skipped="0" failures="0" errors="0" timestamp="2015-09-03T04:20:14" hostname="Nataliyas-MacBook-Pro.local" time="0.163">
  <properties/>
  <testcase name="equals_returnTrueIfBrandsAreTheSame" classname="BrandTest" time="0.109"/>
  <testcase name="all_emptyAtFirst" classname="BrandTest" time="0.043"/>
  <testcase name="brand_instantiatesCorrectly_true" classname="BrandTest" time="0.01"/>
  <system-out><![CDATA[]]></system-out>
  <system-err><![CDATA[]]></system-err>
</testsuite>
