<?xml version="1.0" encoding="UTF-8"?>
<testsuite name="BrandTest" tests="6" skipped="0" failures="0" errors="0" timestamp="2015-09-03T04:37:11" hostname="Nataliyas-MacBook-Pro.local" time="0.301">
  <properties/>
  <testcase name="equals_returnTrueIfBrandsAreTheSame" classname="BrandTest" time="0.117"/>
  <testcase name="save_savesBrandIntoDatabase_true" classname="BrandTest" time="0.054"/>
  <testcase name="all_emptyAtFirst" classname="BrandTest" time="0.019"/>
  <testcase name="find_findsBrandInDatabase_true" classname="BrandTest" time="0.031"/>
  <testcase name="update_changesStoreNameAddressAndPhoneNumberInDatabase_true" classname="BrandTest" time="0.067"/>
  <testcase name="brand_instantiatesCorrectly_true" classname="BrandTest" time="0.011"/>
  <system-out><![CDATA[]]></system-out>
  <system-err><![CDATA[]]></system-err>
</testsuite>
