<?xml version="1.0" encoding="UTF-8"?>
<testsuite name="AppTest" tests="11" skipped="0" failures="0" errors="0" timestamp="2015-09-05T18:23:59" hostname="Nataliyas-MacBook-Pro.local" time="1.377">
  <properties/>
  <testcase name="delete_DeletesStoreFromDatabaseStoreNoLongerDisplayed" classname="AppTest" time="0.76"/>
  <testcase name="storeIsDisplayedOnItsPage" classname="AppTest" time="0.094"/>
  <testcase name="brandIsAddedAndDisplayedOnStoresPage" classname="AppTest" time="0.077"/>
  <testcase name="brandIsDisplayedOnItsPage" classname="AppTest" time="0.059"/>
  <testcase name="formForAddingStoresIsDisplayed" classname="AppTest" time="0.048"/>
  <testcase name="update_UpdatesAndDisplaysUpdatedStoreInformation" classname="AppTest" time="0.067"/>
  <testcase name="rootTest" classname="AppTest" time="0.016"/>
  <testcase name="brandIsSavedToDatabaseAndDisplayedOnTheBrandsPage" classname="AppTest" time="0.055"/>
  <testcase name="storeIsAddedAndDisplayedOnBrandsPage" classname="AppTest" time="0.071"/>
  <testcase name="formForAddingBrandsIsDisplayed" classname="AppTest" time="0.036"/>
  <testcase name="storeIsSavedToDatabaseAndDisplayedOnTheStoresPage" classname="AppTest" time="0.041"/>
  <system-out><![CDATA[]]></system-out>
  <system-err><![CDATA[[Thread-4] INFO spark.webserver.SparkServer - == Spark has ignited ...
[Thread-4] INFO spark.webserver.SparkServer - >> Listening on 0.0.0.0:4567
[Thread-4] INFO org.eclipse.jetty.server.Server - jetty-9.0.2.v20130417
[Thread-4] INFO org.eclipse.jetty.server.ServerConnector - Started ServerConnector@3c579d76{HTTP/1.1}{0.0.0.0:4567}
[Test worker] INFO spark.webserver.SparkServer - >>> Spark shutting down ...
[Test worker] INFO org.eclipse.jetty.server.Server - Graceful shutdown org.eclipse.jetty.server.Server@dd7c653 by 
[Test worker] INFO org.eclipse.jetty.server.ServerConnector - Stopped ServerConnector@3c579d76{HTTP/1.1}{0.0.0.0:4567}
[Test worker] INFO spark.webserver.SparkServer - done
]]></system-err>
</testsuite>
