<?xml version="1.0" encoding="UTF-8"?>
<testsuite name="AppTest" tests="14" skipped="0" failures="0" errors="0" timestamp="2015-09-05T23:44:33" hostname="Nataliyas-MacBook-Pro.local" time="1.766">
  <properties/>
  <testcase name="delete_DeletesStoreFromDatabaseStoreNoLongerDisplayed" classname="AppTest" time="0.787"/>
  <testcase name="updateAddress_UpdatesOnlyStoreAddressAndKeepsNameAndPhoneNumberUntouched" classname="AppTest" time="0.122"/>
  <testcase name="storeIsDisplayedOnItsPage" classname="AppTest" time="0.066"/>
  <testcase name="brandIsAddedAndDisplayedOnStoresPage" classname="AppTest" time="0.114"/>
  <testcase name="brandIsDisplayedOnItsPage" classname="AppTest" time="0.083"/>
  <testcase name="formForAddingStoresIsDisplayed" classname="AppTest" time="0.028"/>
  <testcase name="rootTest" classname="AppTest" time="0.019"/>
  <testcase name="updatePhoneNumber_UpdatesOnlyStorePhoneNumberAndKeepsNameAndAddressUntouched" classname="AppTest" time="0.092"/>
  <testcase name="brandIsSavedToDatabaseAndDisplayedOnTheBrandsPage" classname="AppTest" time="0.041"/>
  <testcase name="updateName_UpdatesOnlyStoreNameAndKeepsAddressAndPhoneNumberUntouched" classname="AppTest" time="0.077"/>
  <testcase name="storeIsAddedAndDisplayedOnBrandsPage" classname="AppTest" time="0.116"/>
  <testcase name="formForAddingBrandsIsDisplayed" classname="AppTest" time="0.045"/>
  <testcase name="storeIsSavedToDatabaseAndDisplayedOnTheStoresPage" classname="AppTest" time="0.044"/>
  <testcase name="delete_DeletesBrandFromDatabaseBrandNoLongerDisplayed" classname="AppTest" time="0.059"/>
  <system-out><![CDATA[]]></system-out>
  <system-err><![CDATA[[Thread-4] INFO spark.webserver.SparkServer - == Spark has ignited ...
[Thread-4] INFO spark.webserver.SparkServer - >> Listening on 0.0.0.0:4567
[Thread-4] INFO org.eclipse.jetty.server.Server - jetty-9.0.2.v20130417
[Thread-4] INFO org.eclipse.jetty.server.ServerConnector - Started ServerConnector@2be7da4a{HTTP/1.1}{0.0.0.0:4567}
[Test worker] INFO spark.webserver.SparkServer - >>> Spark shutting down ...
[Test worker] INFO org.eclipse.jetty.server.Server - Graceful shutdown org.eclipse.jetty.server.Server@4ba9c1bb by 
[Test worker] INFO org.eclipse.jetty.server.ServerConnector - Stopped ServerConnector@2be7da4a{HTTP/1.1}{0.0.0.0:4567}
[Test worker] INFO spark.webserver.SparkServer - done
]]></system-err>
</testsuite>
