<?xml version="1.0" encoding="UTF-8"?>
<testsuite name="AppTest" tests="6" skipped="0" failures="0" errors="0" timestamp="2015-09-05T04:43:46" hostname="Nataliyas-MacBook-Pro.local" time="0.878">
  <properties/>
  <testcase name="formForAddingStoresIsDisplayed" classname="AppTest" time="0.596"/>
  <testcase name="storetIsDisplayedOnItsPage" classname="AppTest" time="0.074"/>
  <testcase name="rootTest" classname="AppTest" time="0.033"/>
  <testcase name="brandIsSavedToDatabaseAndDisplayedOnTheBrandsPage" classname="AppTest" time="0.059"/>
  <testcase name="formForAddingBrandsIsDisplayed" classname="AppTest" time="0.037"/>
  <testcase name="storeIsSavedToDatabaseAndDisplayedOnTheStoresPage" classname="AppTest" time="0.046"/>
  <system-out><![CDATA[]]></system-out>
  <system-err><![CDATA[[Thread-4] INFO spark.webserver.SparkServer - == Spark has ignited ...
[Thread-4] INFO spark.webserver.SparkServer - >> Listening on 0.0.0.0:4567
[Thread-4] INFO org.eclipse.jetty.server.Server - jetty-9.0.2.v20130417
[Thread-4] INFO org.eclipse.jetty.server.ServerConnector - Started ServerConnector@242e8af7{HTTP/1.1}{0.0.0.0:4567}
[Test worker] INFO spark.webserver.SparkServer - >>> Spark shutting down ...
[Test worker] INFO org.eclipse.jetty.server.Server - Graceful shutdown org.eclipse.jetty.server.Server@2d1280a3 by 
[Test worker] INFO org.eclipse.jetty.server.ServerConnector - Stopped ServerConnector@242e8af7{HTTP/1.1}{0.0.0.0:4567}
[Test worker] INFO spark.webserver.SparkServer - done
]]></system-err>
</testsuite>
