<?xml version="1.0" encoding="UTF-8"?>
<testsuite name="AppTest" tests="15" skipped="0" failures="0" errors="0" timestamp="2015-09-05T23:52:36" hostname="Nataliyas-MacBook-Pro.local" time="1.578">
  <properties/>
  <testcase name="delete_DeletesStoreFromDatabaseStoreNoLongerDisplayed" classname="AppTest" time="0.57"/>
  <testcase name="storeIsDisplayedOnItsPage" classname="AppTest" time="0.101"/>
  <testcase name="brandIsAddedAndDisplayedOnStoresPage" classname="AppTest" time="0.098"/>
  <testcase name="brandIsDisplayedOnItsPage" classname="AppTest" time="0.072"/>
  <testcase name="formForAddingStoresIsDisplayed" classname="AppTest" time="0.034"/>
  <testcase name="updatePhoneNumber_UpdatesOnlyStorePhoneNumberAndLeavesNameAndAddressUntouched" classname="AppTest" time="0.077"/>
  <testcase name="updateName_UpdatesOnlyStoreNameAndLeavesAddressAndPhoneNumberUntouched" classname="AppTest" time="0.074"/>
  <testcase name="rootTest" classname="AppTest" time="0.041"/>
  <testcase name="updateBrandName_UpdatesOnlyBrandNameAndLeavesOtherBrandDataUntouched" classname="AppTest" time="0.076"/>
  <testcase name="brandIsSavedToDatabaseAndDisplayedOnTheBrandsPage" classname="AppTest" time="0.054"/>
  <testcase name="storeIsAddedAndDisplayedOnBrandsPage" classname="AppTest" time="0.087"/>
  <testcase name="formForAddingBrandsIsDisplayed" classname="AppTest" time="0.032"/>
  <testcase name="updateAddress_UpdatesOnlyStoreAddressAndLeavesNameAndPhoneNumberUntouched" classname="AppTest" time="0.089"/>
  <testcase name="storeIsSavedToDatabaseAndDisplayedOnTheStoresPage" classname="AppTest" time="0.042"/>
  <testcase name="delete_DeletesBrandFromDatabaseBrandNoLongerDisplayed" classname="AppTest" time="0.057"/>
  <system-out><![CDATA[]]></system-out>
  <system-err><![CDATA[[Thread-4] INFO spark.webserver.SparkServer - == Spark has ignited ...
[Thread-4] INFO spark.webserver.SparkServer - >> Listening on 0.0.0.0:4567
[Thread-4] INFO org.eclipse.jetty.server.Server - jetty-9.0.2.v20130417
[Thread-4] INFO org.eclipse.jetty.server.ServerConnector - Started ServerConnector@6cea2497{HTTP/1.1}{0.0.0.0:4567}
[Test worker] INFO spark.webserver.SparkServer - >>> Spark shutting down ...
[Test worker] INFO org.eclipse.jetty.server.Server - Graceful shutdown org.eclipse.jetty.server.Server@3e3c8691 by 
[Test worker] INFO org.eclipse.jetty.server.ServerConnector - Stopped ServerConnector@6cea2497{HTTP/1.1}{0.0.0.0:4567}
[Test worker] INFO spark.webserver.SparkServer - done
]]></system-err>
</testsuite>
