<?xml version="1.0" encoding="UTF-8"?>
<testsuite name="BrandTest" tests="7" skipped="0" failures="0" errors="0" timestamp="2015-09-04T18:42:28" hostname="Nataliyas-MacBook-Pro.local" time="0.205">
  <properties/>
  <testcase name="equals_returnTrueIfBrandsAreTheSame" classname="BrandTest" time="0.013"/>
  <testcase name="save_savesBrandIntoDatabase_true" classname="BrandTest" time="0.031"/>
  <testcase name="all_emptyAtFirst" classname="BrandTest" time="0.018"/>
  <testcase name="find_findsBrandInDatabase_true" classname="BrandTest" time="0.03"/>
  <testcase name="update_changesStoreNameAddressAndPhoneNumberInDatabase_true" classname="BrandTest" time="0.058"/>
  <testcase name="addStore_addsStoreToBrand" classname="BrandTest" time="0.045"/>
  <testcase name="brand_instantiatesCorrectly_true" classname="BrandTest" time="0.009"/>
  <system-out><![CDATA[]]></system-out>
  <system-err><![CDATA[]]></system-err>
</testsuite>
